<?xml version="1.0" encoding="UTF-8"?>
<!-- Generated by org.testng.reporters.JUnitReportReporter -->
<testsuite hostname="SUBBIRAMANI" name="testcases.TC03_FindLeads" tests="2" failures="0" timestamp="27 Feb 2016 07:59:46 GMT" time="138.484" errors="0">
  <testcase name="loginForSuccess" time="72.396" classname="testcases.TC03_FindLeads"/>
  <testcase name="loginForSuccess" time="66.088" classname="testcases.TC03_FindLeads"/>
</testsuite> <!-- testcases.TC03_FindLeads -->
