<?xml version="1.0" encoding="UTF-8"?>
<!-- Generated by org.testng.reporters.JUnitReportReporter -->
<testsuite hostname="Babu" name="testcases.TC01_LoginFailure" tests="4" failures="0" timestamp="27 Feb 2016 06:38:43 GMT" time="84.087" errors="0">
  <testcase name="loginForFailure" time="23.364" classname="testcases.TC01_LoginFailure"/>
  <testcase name="loginForFailure" time="20.512" classname="testcases.TC01_LoginFailure"/>
  <testcase name="loginForFailure" time="20.875" classname="testcases.TC01_LoginFailure"/>
  <testcase name="loginForFailure" time="19.336" classname="testcases.TC01_LoginFailure"/>
</testsuite> <!-- testcases.TC01_LoginFailure -->
