<?xml version="1.0" encoding="UTF-8"?>
<!-- Generated by org.testng.reporters.JUnitReportReporter -->
<testsuite hostname="Babu" name="testcases.TC01_LoginSuccess" tests="2" failures="0" timestamp="27 Feb 2016 06:32:09 GMT" time="77.145" errors="0">
  <testcase name="loginForSuccess" time="46.811" classname="testcases.TC01_LoginSuccess"/>
  <testcase name="loginForSuccess" time="30.334" classname="testcases.TC01_LoginSuccess"/>
</testsuite> <!-- testcases.TC01_LoginSuccess -->
