<?xml version="1.0" encoding="UTF-8"?>
<!-- Generated by org.testng.reporters.JUnitReportReporter -->
<testsuite hostname="acer" name="testcases.TC06_FindContact" tests="2" failures="0" timestamp="27 Feb 2016 16:34:42 GMT" time="96.004" errors="0">
  <testcase name="loginForSuccess" time="47.189" classname="testcases.TC06_FindContact"/>
  <testcase name="loginForSuccess" time="48.815" classname="testcases.TC06_FindContact"/>
</testsuite> <!-- testcases.TC06_FindContact -->
